<?xml version="1.0" encoding="UTF-8"?>
<!-- Generated by org.testng.reporters.JUnitReportReporter -->
<testsuite skipped="0" hostname="DESKTOP-FP4CM1C" name="Package_Maven.TestClass" tests="4" failures="0" timestamp="28 Jul 2019 13:56:27 GMT" time="0.015" errors="0">
  <testcase name="Sub" time="0.015" classname="Package_Maven.TestClass"/>
  <testcase name="Sub2" time="0.000" classname="Package_Maven.TestClass"/>
  <testcase name="Sub1" time="0.000" classname="Package_Maven.TestClass"/>
  <testcase name="add" time="0.000" classname="Package_Maven.TestClass"/>
</testsuite> <!-- Package_Maven.TestClass -->
